h:\visual studio 2015\projects\tetris12\tetris\debug\vc140.pdb
h:\visual studio 2015\projects\tetris12\tetris\debug\tetris.obj
h:\visual studio 2015\projects\tetris12\tetris\debug\assemblyinfo.obj
h:\visual studio 2015\projects\tetris12\tetris\debug\symbol3.obj
h:\visual studio 2015\projects\tetris12\tetris\debug\spiel.obj
h:\visual studio 2015\projects\tetris12\tetris\debug\.netframework,version=v4.5.2.assemblyattributes.obj
h:\visual studio 2015\projects\tetris12\tetris\debug\.netframework,version=v4.5.2.assemblyattributes.asm
h:\visual studio 2015\projects\tetris12\debug\tetris.pdb
h:\visual studio 2015\projects\tetris12\tetris\debug\app.res
h:\visual studio 2015\projects\tetris12\tetris\debug\tetris.form1.resources
h:\visual studio 2015\projects\tetris12\tetris\debug\tetris.vcxproj.generateresource.cache
h:\visual studio 2015\projects\tetris12\tetris\debug\tetris.vcxprojresolveassemblyreference.cache
h:\visual studio 2015\projects\tetris12\tetris\debug\stdafx.obj
h:\visual studio 2015\projects\tetris12\tetris\debug\tetris.pch
h:\visual studio 2015\projects\tetris12\debug\tetris.exe
h:\visual studio 2015\projects\tetris12\tetris\debug\tetris.tlog\cl.command.1.tlog
h:\visual studio 2015\projects\tetris12\tetris\debug\tetris.tlog\cl.read.1.tlog
h:\visual studio 2015\projects\tetris12\tetris\debug\tetris.tlog\cl.write.1.tlog
h:\visual studio 2015\projects\tetris12\tetris\debug\tetris.tlog\link.command.1.tlog
h:\visual studio 2015\projects\tetris12\tetris\debug\tetris.tlog\link.read.1.tlog
h:\visual studio 2015\projects\tetris12\tetris\debug\tetris.tlog\link.write.1.tlog
h:\visual studio 2015\projects\tetris12\tetris\debug\tetris.tlog\metagen.read.1.tlog
h:\visual studio 2015\projects\tetris12\tetris\debug\tetris.tlog\metagen.write.1.tlog
h:\visual studio 2015\projects\tetris12\tetris\debug\tetris.tlog\rc.command.1.tlog
h:\visual studio 2015\projects\tetris12\tetris\debug\tetris.tlog\rc.read.1.tlog
h:\visual studio 2015\projects\tetris12\tetris\debug\tetris.tlog\rc.write.1.tlog
h:\visual studio 2015\projects\tetris12\tetris\debug\tetris.tlog\tetris.write.1u.tlog
h:\visual studio 2015\projects\tetris12\tetris\debug\tetris.tlog\rsaenh.dll.bi
h:\visual studio 2015\projects\tetris12\tetris\debug\tetris.tlog\tzres.dll.bi
